# JRE version: OpenJDK Runtime Environment Corretto-17.0.13.11.1 (17.0.13+11) (build 17.0.13+11-LTS)
# Java VM: OpenJDK 64-Bit Server VM Corretto-17.0.13.11.1 (17.0.13+11-LTS, mixed mode, sharing, tiered, compressed oops, compressed class ptrs, g1 gc, windows-amd64)
GC Precious Log:
 CPUs: 16 total, 16 available
 Memory: 15720M
 Large Page Support: Disabled
 NUMA Support: Disabled
 Compressed Oops: Enabled (Zero based)
 Heap Region Size: 2M
 Heap Min Capacity: 8M
 Heap Initial Capacity: 246M
 Heap Max Capacity: 3932M
 Pre-touch: Disabled
 Parallel Workers: 13
 Concurrent Workers: 3
 Concurrent Refinement Workers: 13
 Periodic GC: Disabled
Heap:
 garbage-first heap   total 198656K, used 129024K [0x000000070a400000, 0x0000000800000000)
  region size 2048K, 34 young (69632K), 2 survivors (4096K)
 Metaspace       used 32919K, committed 33280K, reserved 1114112K
  class space    used 3746K, committed 3904K, reserved 1048576K
GC Heap History (20 events):
Event: 0.559 GC heap before
{Heap before GC invocations=0 (full 0):
 garbage-first heap   total 251904K, used 20480K [0x000000070a400000, 0x0000000800000000)
  region size 2048K, 11 young (22528K), 0 survivors (0K)
 Metaspace       used 5717K, committed 5888K, reserved 1114112K
  class space    used 670K, committed 768K, reserved 1048576K
}
Event: 0.563 GC heap after
{Heap after GC invocations=1 (full 0):
 garbage-first heap   total 251904K, used 3838K [0x000000070a400000, 0x0000000800000000)
  region size 2048K, 2 young (4096K), 2 survivors (4096K)
 Metaspace       used 5717K, committed 5888K, reserved 1114112K
  class space    used 670K, committed 768K, reserved 1048576K
}
Event: 0.976 GC heap before
{Heap before GC invocations=1 (full 0):
 garbage-first heap   total 251904K, used 34558K [0x000000070a400000, 0x0000000800000000)
  region size 2048K, 17 young (34816K), 2 survivors (4096K)
 Metaspace       used 8684K, committed 8832K, reserved 1114112K
  class space    used 1033K, committed 1152K, reserved 1048576K
}
Event: 0.980 GC heap after
{Heap after GC invocations=2 (full 0):
 garbage-first heap   total 251904K, used 4887K [0x000000070a400000, 0x0000000800000000)
  region size 2048K, 1 young (2048K), 1 survivors (2048K)
 Metaspace       used 8684K, committed 8832K, reserved 1114112K
  class space    used 1033K, committed 1152K, reserved 1048576K
}
Event: 3.405 GC heap before
{Heap before GC invocations=2 (full 0):
 garbage-first heap   total 251904K, used 152343K [0x000000070a400000, 0x0000000800000000)
  region size 2048K, 73 young (149504K), 1 survivors (2048K)
 Metaspace       used 17753K, committed 17920K, reserved 1114112K
  class space    used 2032K, committed 2112K, reserved 1048576K
}
Event: 3.418 GC heap after
{Heap after GC invocations=3 (full 0):
 garbage-first heap   total 251904K, used 15332K [0x000000070a400000, 0x0000000800000000)
  region size 2048K, 6 young (12288K), 6 survivors (12288K)
 Metaspace       used 17753K, committed 17920K, reserved 1114112K
  class space    used 2032K, committed 2112K, reserved 1048576K
}
Event: 3.955 GC heap before
{Heap before GC invocations=3 (full 0):
 garbage-first heap   total 251904K, used 54244K [0x000000070a400000, 0x0000000800000000)
  region size 2048K, 24 young (49152K), 6 survivors (12288K)
 Metaspace       used 21256K, committed 21504K, reserved 1114112K
  class space    used 2406K, committed 2496K, reserved 1048576K
}
Event: 3.966 GC heap after
{Heap after GC invocations=4 (full 0):
 garbage-first heap   total 251904K, used 24355K [0x000000070a400000, 0x0000000800000000)
  region size 2048K, 3 young (6144K), 3 survivors (6144K)
 Metaspace       used 21256K, committed 21504K, reserved 1114112K
  class space    used 2406K, committed 2496K, reserved 1048576K
}
Event: 4.771 GC heap before
{Heap before GC invocations=5 (full 0):
 garbage-first heap   total 96256K, used 73507K [0x000000070a400000, 0x0000000800000000)
  region size 2048K, 28 young (57344K), 3 survivors (6144K)
 Metaspace       used 27081K, committed 27392K, reserved 1114112K
  class space    used 3104K, committed 3264K, reserved 1048576K
}
Event: 4.789 GC heap after
{Heap after GC invocations=6 (full 0):
 garbage-first heap   total 100352K, used 38866K [0x000000070a400000, 0x0000000800000000)
  region size 2048K, 4 young (8192K), 4 survivors (8192K)
 Metaspace       used 27081K, committed 27392K, reserved 1114112K
  class space    used 3104K, committed 3264K, reserved 1048576K
}
Event: 4.813 GC heap before
{Heap before GC invocations=6 (full 0):
 garbage-first heap   total 100352K, used 40914K [0x000000070a400000, 0x0000000800000000)
  region size 2048K, 5 young (10240K), 4 survivors (8192K)
 Metaspace       used 27090K, committed 27392K, reserved 1114112K
  class space    used 3104K, committed 3264K, reserved 1048576K
}
Event: 4.822 GC heap after
{Heap after GC invocations=7 (full 0):
 garbage-first heap   total 100352K, used 40890K [0x000000070a400000, 0x0000000800000000)
  region size 2048K, 1 young (2048K), 1 survivors (2048K)
 Metaspace       used 27090K, committed 27392K, reserved 1114112K
  class space    used 3104K, committed 3264K, reserved 1048576K
}
Event: 5.405 GC heap before
{Heap before GC invocations=7 (full 0):
 garbage-first heap   total 100352K, used 69562K [0x000000070a400000, 0x0000000800000000)
  region size 2048K, 16 young (32768K), 1 survivors (2048K)
 Metaspace       used 28826K, committed 29248K, reserved 1114112K
  class space    used 3289K, committed 3456K, reserved 1048576K
}
Event: 5.411 GC heap after
{Heap after GC invocations=8 (full 0):
 garbage-first heap   total 100352K, used 41884K [0x000000070a400000, 0x0000000800000000)
  region size 2048K, 1 young (2048K), 1 survivors (2048K)
 Metaspace       used 28826K, committed 29248K, reserved 1114112K
  class space    used 3289K, committed 3456K, reserved 1048576K
}
Event: 6.040 GC heap before
{Heap before GC invocations=8 (full 0):
 garbage-first heap   total 100352K, used 72604K [0x000000070a400000, 0x0000000800000000)
  region size 2048K, 17 young (34816K), 1 survivors (2048K)
 Metaspace       used 30861K, committed 31232K, reserved 1114112K
  class space    used 3532K, committed 3712K, reserved 1048576K
}
Event: 6.050 GC heap after
{Heap after GC invocations=9 (full 0):
 garbage-first heap   total 100352K, used 43572K [0x000000070a400000, 0x0000000800000000)
  region size 2048K, 2 young (4096K), 2 survivors (4096K)
 Metaspace       used 30861K, committed 31232K, reserved 1114112K
  class space    used 3532K, committed 3712K, reserved 1048576K
}
Event: 6.342 GC heap before
{Heap before GC invocations=9 (full 0):
 garbage-first heap   total 100352K, used 76340K [0x000000070a400000, 0x0000000800000000)
  region size 2048K, 18 young (36864K), 2 survivors (4096K)
 Metaspace       used 30926K, committed 31296K, reserved 1114112K
  class space    used 3533K, committed 3712K, reserved 1048576K
}
Event: 6.354 GC heap after
{Heap after GC invocations=10 (full 0):
 garbage-first heap   total 100352K, used 60190K [0x000000070a400000, 0x0000000800000000)
  region size 2048K, 3 young (6144K), 3 survivors (6144K)
 Metaspace       used 30926K, committed 31296K, reserved 1114112K
  class space    used 3533K, committed 3712K, reserved 1048576K
}
Event: 6.579 GC heap before
{Heap before GC invocations=10 (full 0):
 garbage-first heap   total 100352K, used 76574K [0x000000070a400000, 0x0000000800000000)
  region size 2048K, 11 young (22528K), 3 survivors (6144K)
 Metaspace       used 30936K, committed 31296K, reserved 1114112K
  class space    used 3533K, committed 3712K, reserved 1048576K
}
Event: 6.589 GC heap after
{Heap after GC invocations=11 (full 0):
 garbage-first heap   total 198656K, used 65536K [0x000000070a400000, 0x0000000800000000)
  region size 2048K, 2 young (4096K), 2 survivors (4096K)
 Metaspace       used 30936K, committed 31296K, reserved 1114112K
  class space    used 3533K, committed 3712K, reserved 1048576K
}

